Build started 25/08/2014 12:14:57.
     1>Project "E:\Users\Slyman\My Documents\Arduino\TheFishController\src\TheFishController\TheFishController.vcxproj" on node 2 (Build target(s)).
     1>Compile:
         Program.cpp
         Program.cpp
       CompileArduinoCoreLibrary:
         C:\Program Files (x86)\Arduino\hardware\arduino\cores\arduino\CDC.cpp
         C:\Program Files (x86)\Arduino\hardware\arduino\cores\arduino\HardwareSerial.cpp
         C:\Program Files (x86)\Arduino\hardware\arduino\cores\arduino\HID.cpp
         C:\Program Files (x86)\Arduino\hardware\arduino\cores\arduino\IPAddress.cpp
         C:\Program Files (x86)\Arduino\hardware\arduino\cores\arduino\main.cpp
         C:\Program Files (x86)\Arduino\hardware\arduino\cores\arduino\new.cpp
         C:\Program Files (x86)\Arduino\hardware\arduino\cores\arduino\Print.cpp
         C:\Program Files (x86)\Arduino\hardware\arduino\cores\arduino\Stream.cpp
         C:\Program Files (x86)\Arduino\hardware\arduino\cores\arduino\Tone.cpp
         C:\Program Files (x86)\Arduino\hardware\arduino\cores\arduino\USBCore.cpp
         C:\Program Files (x86)\Arduino\hardware\arduino\cores\arduino\WMath.cpp
         C:\Program Files (x86)\Arduino\hardware\arduino\cores\arduino\WString.cpp
         C:\Program Files (x86)\Arduino\hardware\arduino\cores\arduino\WInterrupts.c
         C:\Program Files (x86)\Arduino\hardware\arduino\cores\arduino\wiring.c
         C:\Program Files (x86)\Arduino\hardware\arduino\cores\arduino\wiring_analog.c
         C:\Program Files (x86)\Arduino\hardware\arduino\cores\arduino\wiring_digital.c
         C:\Program Files (x86)\Arduino\hardware\arduino\cores\arduino\wiring_pulse.c
         C:\Program Files (x86)\Arduino\hardware\arduino\cores\arduino\wiring_shift.c
         C:\Program Files (x86)\Arduino\hardware\arduino\cores\arduino\CDC.cpp
         C:\Program Files (x86)\Arduino\hardware\arduino\cores\arduino\HardwareSerial.cpp
         C:\Program Files (x86)\Arduino\hardware\arduino\cores\arduino\HID.cpp
         C:\Program Files (x86)\Arduino\hardware\arduino\cores\arduino\IPAddress.cpp
         C:\Program Files (x86)\Arduino\hardware\arduino\cores\arduino\main.cpp
         C:\Program Files (x86)\Arduino\hardware\arduino\cores\arduino\new.cpp
         C:\Program Files (x86)\Arduino\hardware\arduino\cores\arduino\Print.cpp
         C:\Program Files (x86)\Arduino\hardware\arduino\cores\arduino\Stream.cpp
         C:\Program Files (x86)\Arduino\hardware\arduino\cores\arduino\Tone.cpp
         C:\Program Files (x86)\Arduino\hardware\arduino\cores\arduino\USBCore.cpp
         C:\Program Files (x86)\Arduino\hardware\arduino\cores\arduino\WMath.cpp
         C:\Program Files (x86)\Arduino\hardware\arduino\cores\arduino\WString.cpp
         C:\Program Files (x86)\Arduino\hardware\arduino\cores\arduino\WInterrupts.c
         C:\Program Files (x86)\Arduino\hardware\arduino\cores\arduino\wiring.c
         C:\Program Files (x86)\Arduino\hardware\arduino\cores\arduino\wiring_analog.c
         C:\Program Files (x86)\Arduino\hardware\arduino\cores\arduino\wiring_digital.c
         C:\Program Files (x86)\Arduino\hardware\arduino\cores\arduino\wiring_pulse.c
         C:\Program Files (x86)\Arduino\hardware\arduino\cores\arduino\wiring_shift.c
       BuildArduinoCoreLibrary:
         "C:\Program Files (x86)\Arduino\hardware\tools\avr\bin\avr-ar" rcs "obj\Debug\Core\ArduinoLib.a" "obj\Debug\Core\CDC.o" "obj\Debug\Core\HardwareSerial.o" "obj\Debug\Core\HID.o" "obj\Debug\Core\IPAddress.o" "obj\Debug\Core\main.o" "obj\Debug\Core\new.o" "obj\Debug\Core\Print.o" "obj\Debug\Core\Stream.o" "obj\Debug\Core\Tone.o" "obj\Debug\Core\USBCore.o" "obj\Debug\Core\WMath.o" "obj\Debug\Core\WString.o" "obj\Debug\Core\WInterrupts.o" "obj\Debug\Core\wiring.o" "obj\Debug\Core\wiring_analog.o" "obj\Debug\Core\wiring_digital.o" "obj\Debug\Core\wiring_pulse.o" "obj\Debug\Core\wiring_shift.o"
       BuildArduinoUserLibrary:
         C:\Program Files (x86)\Arduino\libraries\EEPROM\EEPROM.cpp
         C:\Program Files (x86)\Arduino\libraries\SPI\SPI.cpp
         C:\Program Files (x86)\Arduino\libraries\SD\File.cpp
         C:\Program Files (x86)\Arduino\libraries\SD\SD.cpp
         C:\Program Files (x86)\Arduino\libraries\SD\Utility\Sd2Card.cpp
         C:\Program Files (x86)\Arduino\libraries\SD\Utility\SdFile.cpp
         C:\Program Files (x86)\Arduino\libraries\SD\Utility\SdVolume.cpp
         C:\Program Files (x86)\Arduino\libraries\Ethernet\Dhcp.cpp
     1>C:\Program Files (x86)\Arduino\libraries\Ethernet\Dhcp.cpp(4,19,4,19): error : error: w5100.h: No such file or directory
     1>Done Building Project "E:\Users\Slyman\My Documents\Arduino\TheFishController\src\TheFishController\TheFishController.vcxproj" (Build target(s)) -- FAILED.

Build FAILED.

Time Elapsed 00:00:03.81
